<?xml version="1.0" encoding="UTF-8"?>
<!-- Generated by org.testng.reporters.JUnitReportReporter -->
<testsuite skipped="0" hostname="black-widow" name="Zavrsni.TestZavrsni3" tests="1" failures="0" timestamp="31 Aug 2019 10:45:58 GMT" time="15.625" errors="0">
  <testcase name="Test" time="15.625" classname="Zavrsni.TestZavrsni3"/>
</testsuite> <!-- Zavrsni.TestZavrsni3 -->
