<?xml version="1.0" encoding="UTF-8"?>
<!-- Generated by org.testng.reporters.JUnitReportReporter -->
<testsuite skipped="0" hostname="black-widow" name="Zavrsni.TestZavrsni6" tests="1" failures="0" timestamp="31 Aug 2019 16:41:58 GMT" time="10.306" errors="0">
  <testcase name="Test" time="10.306" classname="Zavrsni.TestZavrsni6"/>
</testsuite> <!-- Zavrsni.TestZavrsni6 -->
