<?xml version="1.0" encoding="UTF-8"?>
<!-- Generated by org.testng.reporters.JUnitReportReporter -->
<testsuite skipped="0" hostname="black-widow" name="Zavrsni.TestZavrsni2" tests="1" failures="0" timestamp="30 Aug 2019 11:40:53 GMT" time="17.040" errors="0">
  <testcase name="Test" time="17.040" classname="Zavrsni.TestZavrsni2"/>
</testsuite> <!-- Zavrsni.TestZavrsni2 -->
