<?xml version="1.0" encoding="UTF-8"?>
<!-- Generated by org.testng.reporters.JUnitReportReporter -->
<testsuite skipped="0" hostname="black-widow" name="Zavrsni.TestZavrsni5" tests="1" failures="0" timestamp="31 Aug 2019 09:43:40 GMT" time="8.161" errors="0">
  <testcase name="Test" time="8.161" classname="Zavrsni.TestZavrsni5"/>
</testsuite> <!-- Zavrsni.TestZavrsni5 -->
