<?xml version="1.0" encoding="UTF-8"?>
<!-- Generated by org.testng.reporters.JUnitReportReporter -->
<testsuite skipped="0" hostname="black-widow" name="Zavrsni.TestZavrsni4" tests="1" failures="0" timestamp="31 Aug 2019 08:55:14 GMT" time="7.021" errors="0">
  <testcase name="Test" time="7.021" classname="Zavrsni.TestZavrsni4"/>
</testsuite> <!-- Zavrsni.TestZavrsni4 -->
